<?xml version="1.0" encoding="UTF-8"?>
<!-- Generated by org.testng.reporters.JUnitXMLReporter -->
<testsuite ignored="0" hostname="user-PC" failures="0" tests="3" name="Test" time="64.197" errors="0" timestamp="2022-11-10T17:32:47 IST">
  <testcase classname="Testcases.login_test001" name="check_diplay" time="3.3"/>
  <testcase classname="Testcases.login_test001" name="logintest" time="3.744"/>
  <testcase classname="Testcases.New_customer_test" name="new_custo" time="9.499"/>
</testsuite> <!-- Test -->
